[5/11/2023, 12:46:51 AM] server	 users-routes.js - Bad Request, unable to validate
[5/11/2023, 12:47:21 AM] server	 users-routes.js - Bad Request, unable to validate
[5/11/2023, 12:47:29 AM] server	 users-routes.js - Bad request, please ensure request meets requirements.
[5/11/2023, 12:48:55 AM] server	 users-routes.js - Bad request, please ensure request meets requirements.
[5/11/2023, 12:51:34 AM] server	 users-routes.js - Bad Request, unable to validate
[5/11/2023, 12:51:52 AM] server	 users-routes.js - Server Error
[5/11/2023, 12:52:04 AM] server	 users-routes.js - Server Error
[5/11/2023, 1:57:50 AM] server	 session-routes.js - Invalid password or hubId
[5/11/2023, 1:58:01 AM] server	 session-routes.js - Invalid password or hubId
[5/11/2023, 1:58:16 AM] server	 session-routes.js - Bad Request, unable to validate
[5/11/2023, 1:58:24 AM] server	 session-routes.js - Bad Request, unable to validate
[5/11/2023, 2:03:51 AM] server	 session-routes.js - Bad Request, unable to validate
[5/11/2023, 2:04:15 AM] server	 session-routes.js - Bad Request, unable to validate
[5/11/2023, 2:04:33 AM] server	 session-routes.js - Bad Request, unable to validate
[5/11/2023, 2:04:56 AM] server	 session-routes.js - hubId already exists.
[5/11/2023, 2:05:04 AM] server	 session-routes.js - hubId already exists.
[5/11/2023, 2:06:28 AM] server	 session-routes.js - hubId already exists.
[5/11/2023, 2:08:02 AM] server	 session-routes.js - hubId already exists.
[5/11/2023, 2:10:43 AM] server	 session-routes.js - hubId already exists.
[5/11/2023, 2:19:36 AM] server	 session-routes.js - Bad Request, unable to validate
[5/11/2023, 2:24:26 AM] server	 session-routes.js - Invalid hubId
[5/11/2023, 2:27:04 AM] server	 session-routes.js - Bad Request, unable to validate
[5/11/2023, 2:27:12 AM] server	 session-routes.js - User valid7 failed to answer security questions correctly
[5/11/2023, 2:29:33 AM] server	 session-routes.js - Bad Request, unable to validate
[5/11/2023, 2:30:17 AM] server	 session-routes.js - Bad Request, unable to validate
[5/11/2023, 2:44:18 PM] server	 security-routes.js - Bad Request, unable to validate
[5/11/2023, 2:44:44 PM] server	 security-routes.js - Bad Request, unable to validate
[5/11/2023, 2:44:56 PM] server	 security-routes.js - Bad Request, unable to validate
[5/11/2023, 2:45:51 PM] server	 security-routes.js - Bad request, invalid _id
[5/11/2023, 2:46:01 PM] server	 security-routes.js - Bad request, _id not valid
[5/11/2023, 2:46:05 PM] server	 security-routes.js - Bad Request, unable to validate
[5/11/2023, 2:46:18 PM] server	 security-routes.js - Bad Request, unable to validate
